  Source.cpp
C:\Users\sjbal\Downloads\OpenGLSample\OpenGLSample\shader.h(57,34): warning C4101: 'e': unreferenced local variable
C:\Users\sjbal\Downloads\OpenGLSample\OpenGLSample\Source.cpp(331,22): warning C4244: 'initializing': conversion from 'double' to 'float', possible loss of data
C:\Users\sjbal\Downloads\OpenGLSample\OpenGLSample\Source.cpp(360,56): warning C4305: 'argument': truncation from 'double' to 'float'
C:\Users\sjbal\Downloads\OpenGLSample\OpenGLSample\Source.cpp(361,60): warning C4305: 'argument': truncation from 'double' to 'float'
C:\Users\sjbal\Downloads\OpenGLSample\OpenGLSample\Source.cpp(368,56): warning C4305: 'argument': truncation from 'double' to 'float'
C:\Users\sjbal\Downloads\OpenGLSample\OpenGLSample\Source.cpp(369,60): warning C4305: 'argument': truncation from 'double' to 'float'
C:\Users\sjbal\Downloads\OpenGLSample\OpenGLSample\Source.cpp(376,56): warning C4305: 'argument': truncation from 'double' to 'float'
C:\Users\sjbal\Downloads\OpenGLSample\OpenGLSample\Source.cpp(377,60): warning C4305: 'argument': truncation from 'double' to 'float'
C:\Users\sjbal\Downloads\OpenGLSample\OpenGLSample\Source.cpp(384,56): warning C4305: 'argument': truncation from 'double' to 'float'
C:\Users\sjbal\Downloads\OpenGLSample\OpenGLSample\Source.cpp(385,60): warning C4305: 'argument': truncation from 'double' to 'float'
C:\Users\sjbal\Downloads\OpenGLSample\OpenGLSample\Source.cpp(393,51): warning C4305: 'argument': truncation from 'double' to 'float'
C:\Users\sjbal\Downloads\OpenGLSample\OpenGLSample\Source.cpp(394,55): warning C4305: 'argument': truncation from 'double' to 'float'
C:\Users\sjbal\Downloads\OpenGLSample\OpenGLSample\Source.cpp(589,11): warning C4244: '=': conversion from 'double' to 'float', possible loss of data
C:\Users\sjbal\Downloads\OpenGLSample\OpenGLSample\Source.cpp(590,11): warning C4244: '=': conversion from 'double' to 'float', possible loss of data
C:\Users\sjbal\Downloads\OpenGLSample\OpenGLSample\Source.cpp(594,16): warning C4244: 'initializing': conversion from 'double' to 'float', possible loss of data
C:\Users\sjbal\Downloads\OpenGLSample\OpenGLSample\Source.cpp(595,16): warning C4244: 'initializing': conversion from 'double' to 'float', possible loss of data
C:\Users\sjbal\Downloads\OpenGLSample\OpenGLSample\Source.cpp(596,10): warning C4244: '=': conversion from 'double' to 'float', possible loss of data
C:\Users\sjbal\Downloads\OpenGLSample\OpenGLSample\Source.cpp(597,10): warning C4244: '=': conversion from 'double' to 'float', possible loss of data
C:\Users\sjbal\Downloads\OpenGLSample\OpenGLSample\Source.cpp(606,28): warning C4244: 'argument': conversion from 'double' to 'float', possible loss of data
  OpenGLSample.vcxproj -> C:\Users\sjbal\Downloads\OpenGLSample\Debug\OpenGLSample.exe
